2018-07-26T10:39:39+00:00 CRITICAL Maximum execution time of 30 seconds exceeded

2018-07-26T10:41:26+00:00 CRITICAL Maximum execution time of 30 seconds exceeded

2018-07-26T11:42:18+00:00 CRITICAL Maximum execution time of 30 seconds exceeded

2018-07-26T11:49:23+00:00 CRITICAL Uncaught ArgumentCountError: Too few arguments to function cw_custom_post_date_column_time(), 1 passed in C:\xampp\htdocs\websiteoffice\wp-includes\class-wp-hook.php on line 286 and exactly 2 expected in C:\xampp\htdocs\websiteoffice\wp-content\themes\theshop\functions.php:331
Stack trace:
#0 C:\xampp\htdocs\websiteoffice\wp-includes\class-wp-hook.php(286): cw_custom_post_date_column_time('M j, Y')
#1 C:\xampp\htdocs\websiteoffice\wp-includes\plugin.php(203): WP_Hook->apply_filters('M j, Y', Array)
#2 C:\xampp\htdocs\websiteoffice\wp-content\plugins\woocommerce\includes\admin\list-tables\class-wc-admin-list-table-orders.php(235): apply_filters('woocommerce_adm...', 'M j, Y')
#3 C:\xampp\htdocs\websiteoffice\wp-content\plugins\woocommerce\includes\admin\list-tables\abstract-class-wc-admin-list-table.php(261): WC_Admin_List_Table_Orders->render_order_date_column()
#4 C:\xampp\htdocs\websiteoffice\wp-includes\class-wp-hook.php(286): WC_Admin_List_Table->render_columns('order_date', 180)
#5 C:\xampp\htdocs\websit

2018-07-26T11:58:10+00:00 CRITICAL Uncaught ArgumentCountError: Too few arguments to function cw_custom_post_date_column_time(), 1 passed in C:\xampp\htdocs\websiteoffice\wp-includes\class-wp-hook.php on line 286 and exactly 2 expected in C:\xampp\htdocs\websiteoffice\wp-content\themes\theshop\functions.php:331
Stack trace:
#0 C:\xampp\htdocs\websiteoffice\wp-includes\class-wp-hook.php(286): cw_custom_post_date_column_time('M j, Y')
#1 C:\xampp\htdocs\websiteoffice\wp-includes\plugin.php(203): WP_Hook->apply_filters('M j, Y', Array)
#2 C:\xampp\htdocs\websiteoffice\wp-content\plugins\woocommerce\includes\admin\list-tables\class-wc-admin-list-table-orders.php(235): apply_filters('woocommerce_adm...', 'M j, Y')
#3 C:\xampp\htdocs\websiteoffice\wp-content\plugins\woocommerce\includes\admin\list-tables\abstract-class-wc-admin-list-table.php(261): WC_Admin_List_Table_Orders->render_order_date_column()
#4 C:\xampp\htdocs\websiteoffice\wp-includes\class-wp-hook.php(286): WC_Admin_List_Table->render_columns('order_date', 180)
#5 C:\xampp\htdocs\websit

2018-07-26T14:07:27+00:00 CRITICAL Maximum execution time of 30 seconds exceeded

2018-07-26T14:11:37+00:00 CRITICAL Uncaught ArgumentCountError: Too few arguments to function cw_custom_post_date_column_time(), 1 passed in C:\xampp\htdocs\websiteoffice\wp-includes\class-wp-hook.php on line 286 and exactly 2 expected in C:\xampp\htdocs\websiteoffice\wp-content\themes\theshop\functions.php:331
Stack trace:
#0 C:\xampp\htdocs\websiteoffice\wp-includes\class-wp-hook.php(286): cw_custom_post_date_column_time('M j, Y')
#1 C:\xampp\htdocs\websiteoffice\wp-includes\plugin.php(203): WP_Hook->apply_filters('M j, Y', Array)
#2 C:\xampp\htdocs\websiteoffice\wp-content\plugins\woocommerce\includes\admin\list-tables\class-wc-admin-list-table-orders.php(235): apply_filters('woocommerce_adm...', 'M j, Y')
#3 C:\xampp\htdocs\websiteoffice\wp-content\plugins\woocommerce\includes\admin\list-tables\abstract-class-wc-admin-list-table.php(261): WC_Admin_List_Table_Orders->render_order_date_column()
#4 C:\xampp\htdocs\websiteoffice\wp-includes\class-wp-hook.php(286): WC_Admin_List_Table->render_columns('order_date', 180)
#5 C:\xampp\htdocs\websit

2018-07-26T14:56:46+00:00 CRITICAL Allowed memory size of 209715200 bytes exhausted (tried to allocate 1734438331 bytes)

2018-07-26T15:15:09+00:00 CRITICAL Uncaught ArgumentCountError: Too few arguments to function cw_custom_post_date_column_time(), 1 passed in C:\xampp\htdocs\websiteoffice\wp-includes\class-wp-hook.php on line 286 and exactly 2 expected in C:\xampp\htdocs\websiteoffice\wp-content\themes\theshop\functions.php:331
Stack trace:
#0 C:\xampp\htdocs\websiteoffice\wp-includes\class-wp-hook.php(286): cw_custom_post_date_column_time('M j, Y')
#1 C:\xampp\htdocs\websiteoffice\wp-includes\plugin.php(203): WP_Hook->apply_filters('M j, Y', Array)
#2 C:\xampp\htdocs\websiteoffice\wp-content\plugins\woocommerce\includes\admin\list-tables\class-wc-admin-list-table-orders.php(235): apply_filters('woocommerce_adm...', 'M j, Y')
#3 C:\xampp\htdocs\websiteoffice\wp-content\plugins\woocommerce\includes\admin\list-tables\abstract-class-wc-admin-list-table.php(261): WC_Admin_List_Table_Orders->render_order_date_column()
#4 C:\xampp\htdocs\websiteoffice\wp-includes\class-wp-hook.php(286): WC_Admin_List_Table->render_columns('order_date', 180)
#5 C:\xampp\htdocs\websit

